#
# A fatal error has been detected by the Java Runtime Environment:
#
#  EXCEPTION_ACCESS_VIOLATION (0xc0000005) at pc=0x00007ffb1658e69a, pid=8268, tid=6380
#
# JRE version: Java(TM) SE Runtime Environment (13.0.1+9) (build 13.0.1+9)
# Java VM: Java HotSpot(TM) 64-Bit Server VM (13.0.1+9, mixed mode, sharing, tiered, compressed oops, g1 gc, windows-amd64)
# Problematic frame:
# C  [lwjgl_opengl.dll+0xe69a]
#
# No core dump will be written. Minidumps are not enabled by default on client versions of Windows
#
# If you would like to submit a bug report, please visit:
#   http://bugreport.java.com/bugreport/crash.jsp
# The crash happened outside the Java Virtual Machine in native code.
# See problematic frame for where to report the bug.
#

---------------  S U M M A R Y ------------

Command Line: -Dfile.encoding=Cp1252 johnengine.testing.Launcher

Host: AMD Ryzen 3 1200 Quad-Core Processor           , 4 cores, 15G,  Windows 10 , 64 bit Build 19041 (10.0.19041.3570)
Time: Sat Oct 21 00:30:06 2023 Suomen kesäaika elapsed time: 0 seconds (0d 0h 0m 0s)

---------------  T H R E A D  ---------------

Current thread (0x0000018caddf8000):  JavaThread "main" [_thread_in_native, id=6380, stack(0x00000031ede00000,0x00000031edf00000)]

Stack: [0x00000031ede00000,0x00000031edf00000],  sp=0x00000031edefee68,  free space=1019k
Native frames: (J=compiled Java code, j=interpreted, Vv=VM code, C=native code)
C  [lwjgl_opengl.dll+0xe69a]

Java frames: (J=compiled Java code, j=interpreted, Vv=VM code)
j  org.lwjgl.opengl.GL20C.nglGetUniformLocation(IJ)I+0
j  org.lwjgl.opengl.GL20C.glGetUniformLocation(ILjava/lang/CharSequence;)I+25
j  org.lwjgl.opengl.GL20.glGetUniformLocation(ILjava/lang/CharSequence;)I+2
j  johnengine.core.renderer.unimngr.UniformManager.declareUniform(Ljohnengine/core/renderer/unimngr/AUniform;)Ljohnengine/core/renderer/unimngr/UniformManager;+8
j  johnengine.core.renderer.Renderer3D.<init>(Ljohnengine/core/winframe/AWindowFramework;)V+78
j  johnengine.basic.window.Window.setupRenderer()V+14
j  johnengine.basic.window.Window.start()V+41
j  johnengine.basic.window.WindowedLauncher.<init>()V+8
j  johnengine.testing.Launcher.<init>()V+1
j  johnengine.testing.Launcher.main([Ljava/lang/String;)V+3
v  ~StubRoutines::call_stub

siginfo: EXCEPTION_ACCESS_VIOLATION (0xc0000005), reading address 0x0000000000000f48


Register to memory mapping:

RIP=0x00007ffb1658e69a lwjgl_opengl.dll
RAX=0x0000018cd430d170 points into unknown readable memory: 00 00 00 00 00 00 00 00
RBX={method} {0x0000018cd3854460} 'nglGetUniformLocation' '(IJ)I' in 'org/lwjgl/opengl/GL20C'
RCX=0x0 is NULL
RDX=0x0000018cd4364048 points into unknown readable memory: 70 72 6f 6a 65 63 74 69
RSP=0x00000031edefee68 is pointing into the stack for thread: 0x0000018caddf8000
RBP=0x00000031edefeef0 is pointing into the stack for thread: 0x0000018caddf8000
RSI=0x0000000000000011 is an unknown value
RDI=0x0 is NULL
R8 =0x0000000000000005 is an unknown value
R9 =0x0000018cd4364048 points into unknown readable memory: 70 72 6f 6a 65 63 74 69
R10=0x0000018cb7adf4c8 is at code_begin+1000 in an Interpreter codelet
method entry point (kind = native)  [0x0000018cb7adf0e0, 0x0000018cb7adfc40]  2912 bytes
R11=0x0000000710b2b1f8 is an oop: java.lang.Class 
{0x0000000710b2b1f8} - klass: 'java/lang/Class'
R12=0x0 is NULL
R13={method} {0x0000018cd3854460} 'nglGetUniformLocation' '(IJ)I' in 'org/lwjgl/opengl/GL20C'
R14=0x00000031edefef20 is pointing into the stack for thread: 0x0000018caddf8000
R15=0x0000018caddf8000 is a thread


Registers:
RAX=0x0000018cd430d170, RBX=0x0000018cd3854458, RCX=0x0000000000000000, RDX=0x0000018cd4364048
RSP=0x00000031edefee68, RBP=0x00000031edefeef0, RSI=0x0000000000000011, RDI=0x0000000000000000
R8 =0x0000000000000005, R9 =0x0000018cd4364048, R10=0x0000018cb7adf4c8, R11=0x0000000710b2b1f8
R12=0x0000000000000000, R13=0x0000018cd3854458, R14=0x00000031edefef20, R15=0x0000018caddf8000
RIP=0x00007ffb1658e69a, EFLAGS=0x0000000000010206

Top of Stack: (sp=0x00000031edefee68)
0x00000031edefee68:   0000018cb7adf4f7 0000000000000000
0x00000031edefee78:   0000018cb7adf1f2 0000018cd3854458
0x00000031edefee88:   0000000000000011 0000000000000000
0x00000031edefee98:   00000000ffffffff 0000018cb7adf196
0x00000031edefeea8:   00000031edefeea8 0000018cd3854458
0x00000031edefeeb8:   00000031edefef20 0000018cd387de08
0x00000031edefeec8:   0000000000000000 0000000710b2b1f8
0x00000031edefeed8:   0000018cd3854458 0000000000000000
0x00000031edefeee8:   00000031edefef10 00000031edefef70
0x00000031edefeef8:   0000018cb7ad9c80 0000000710b2b1f8
0x00000031edefef08:   0000018cb7adc416 0000018cd4364048
0x00000031edefef18:   0000000000000000 0000000000000005
0x00000031edefef28:   00000031edefef28 0000018cd3854639
0x00000031edefef38:   00000031edefefb8 0000018cd387de08
0x00000031edefef48:   0000000000000000 0000000710b2b1f8
0x00000031edefef58:   0000018cd38546c0 00000031edefef10 

Instructions: (pc=0x00007ffb1658e69a)
0x00007ffb1658e59a:   b6 44 24 30 41 8b d1 4c 8b 4c 24 38 8b cb 4c 8b
0x00007ffb1658e5aa:   50 18 5b 49 ff a2 18 0f 00 00 cc cc cc cc cc cc
0x00007ffb1658e5ba:   cc cc cc cc cc cc 48 8b 01 45 8b d8 4c 8b 44 24
0x00007ffb1658e5ca:   28 41 8b d1 41 8b cb 4c 8b 50 18 49 ff a2 20 0f
0x00007ffb1658e5da:   00 00 cc cc cc cc 48 8b 01 45 8b d8 4c 8b 44 24
0x00007ffb1658e5ea:   28 41 8b d1 41 8b cb 4c 8b 50 18 49 ff a2 28 0f
0x00007ffb1658e5fa:   00 00 cc cc cc cc 40 53 48 8b 01 41 8b d8 4c 8b
0x00007ffb1658e60a:   44 24 30 41 8b d1 4c 8b 4c 24 38 8b cb 4c 8b 50
0x00007ffb1658e61a:   18 5b 49 ff a2 30 0f 00 00 cc cc cc cc cc cc cc
0x00007ffb1658e62a:   cc cc cc cc cc cc 40 53 48 8b 01 41 8b d8 4c 8b
0x00007ffb1658e63a:   44 24 30 41 8b d1 4c 8b 4c 24 38 8b cb 4c 8b 50
0x00007ffb1658e64a:   18 5b 49 ff a2 38 0f 00 00 cc cc cc cc cc cc cc
0x00007ffb1658e65a:   cc cc cc cc cc cc 40 53 48 8b 01 41 8b d8 4c 8b
0x00007ffb1658e66a:   44 24 30 41 8b d1 4c 8b 4c 24 38 8b cb 4c 8b 50
0x00007ffb1658e67a:   18 5b 49 ff a2 40 0f 00 00 cc cc cc cc cc cc cc
0x00007ffb1658e68a:   cc cc cc cc cc cc 48 8b 01 49 8b d1 48 8b 48 18
0x00007ffb1658e69a:   48 8b 81 48 0f 00 00 41 8b c8 48 ff e0 cc cc cc
0x00007ffb1658e6aa:   cc cc cc cc cc cc 40 53 48 83 ec 40 48 8b 01 41
0x00007ffb1658e6ba:   8b d8 44 8b 44 24 70 41 8b d1 4c 8b 4c 24 78 8b
0x00007ffb1658e6ca:   cb 4c 8b 50 18 48 8b 84 24 90 00 00 00 48 89 44
0x00007ffb1658e6da:   24 30 48 8b 84 24 88 00 00 00 48 89 44 24 28 48
0x00007ffb1658e6ea:   8b 84 24 80 00 00 00 48 89 44 24 20 41 ff 92 50
0x00007ffb1658e6fa:   0f 00 00 48 83 c4 40 5b c3 cc cc cc cc cc cc cc
0x00007ffb1658e70a:   cc cc cc cc cc cc 48 8b 01 45 8b d8 4c 8b 44 24
0x00007ffb1658e71a:   28 41 8b d1 41 8b cb 4c 8b 50 18 49 ff a2 58 0f
0x00007ffb1658e72a:   00 00 cc cc cc cc 48 8b 01 45 8b d8 4c 8b 44 24
0x00007ffb1658e73a:   28 41 8b d1 41 8b cb 4c 8b 50 18 49 ff a2 60 0f
0x00007ffb1658e74a:   00 00 cc cc cc cc 40 53 48 8b 01 41 8b d8 4c 8b
0x00007ffb1658e75a:   44 24 30 41 8b d1 4c 8b 4c 24 38 8b cb 4c 8b 50
0x00007ffb1658e76a:   18 5b 49 ff a2 68 0f 00 00 cc cc cc cc cc cc cc
0x00007ffb1658e77a:   cc cc cc cc cc cc 48 8b 01 0f 28 cb 41 8b c8 48
0x00007ffb1658e78a:   8b 50 18 48 ff a2 70 0f 00 00 cc cc cc cc cc cc 


Stack slot to memory mapping:
stack at sp + 0 slots: 0x0000018cb7adf4f7 is at code_begin+1047 in an Interpreter codelet
method entry point (kind = native)  [0x0000018cb7adf0e0, 0x0000018cb7adfc40]  2912 bytes
stack at sp + 1 slots: 0x0 is NULL
stack at sp + 2 slots: 0x0000018cb7adf1f2 is at code_begin+274 in an Interpreter codelet
method entry point (kind = native)  [0x0000018cb7adf0e0, 0x0000018cb7adfc40]  2912 bytes
stack at sp + 3 slots: {method} {0x0000018cd3854460} 'nglGetUniformLocation' '(IJ)I' in 'org/lwjgl/opengl/GL20C'
stack at sp + 4 slots: 0x0000000000000011 is an unknown value
stack at sp + 5 slots: 0x0 is NULL
stack at sp + 6 slots: 0x00000000ffffffff is an unknown value
stack at sp + 7 slots: 0x0000018cb7adf196 is at code_begin+182 in an Interpreter codelet
method entry point (kind = native)  [0x0000018cb7adf0e0, 0x0000018cb7adfc40]  2912 bytes


---------------  P R O C E S S  ---------------

Threads class SMR info:
_java_thread_list=0x0000018cd62db960, length=12, elements={
0x0000018caddf8000, 0x0000018cd307e000, 0x0000018cd3081800, 0x0000018cd309d800,
0x0000018cd309f800, 0x0000018cd30a1000, 0x0000018cd30ae800, 0x0000018cd39a2800,
0x0000018cd3a69000, 0x0000018cd3a85000, 0x0000018cd3a7b800, 0x0000018cd678a000
}

Java Threads: ( => current thread )
=>0x0000018caddf8000 JavaThread "main" [_thread_in_native, id=6380, stack(0x00000031ede00000,0x00000031edf00000)]
  0x0000018cd307e000 JavaThread "Reference Handler" daemon [_thread_blocked, id=4192, stack(0x00000031ee500000,0x00000031ee600000)]
  0x0000018cd3081800 JavaThread "Finalizer" daemon [_thread_blocked, id=2916, stack(0x00000031ee600000,0x00000031ee700000)]
  0x0000018cd309d800 JavaThread "Signal Dispatcher" daemon [_thread_blocked, id=6376, stack(0x00000031ee700000,0x00000031ee800000)]
  0x0000018cd309f800 JavaThread "Attach Listener" daemon [_thread_blocked, id=6408, stack(0x00000031ee800000,0x00000031ee900000)]
  0x0000018cd30a1000 JavaThread "C2 CompilerThread0" daemon [_thread_blocked, id=5320, stack(0x00000031ee900000,0x00000031eea00000)]
  0x0000018cd30ae800 JavaThread "C1 CompilerThread0" daemon [_thread_blocked, id=9052, stack(0x00000031eea00000,0x00000031eeb00000)]
  0x0000018cd39a2800 JavaThread "Sweeper thread" daemon [_thread_blocked, id=528, stack(0x00000031eeb00000,0x00000031eec00000)]
  0x0000018cd3a69000 JavaThread "Service Thread" daemon [_thread_blocked, id=2516, stack(0x00000031eec00000,0x00000031eed00000)]
  0x0000018cd3a85000 JavaThread "Common-Cleaner" daemon [_thread_blocked, id=3860, stack(0x00000031eee00000,0x00000031eef00000)]
  0x0000018cd3a7b800 JavaThread "Thread-1" [_thread_in_Java, id=9684, stack(0x00000031eef00000,0x00000031ef000000)]
  0x0000018cd678a000 JavaThread "C2 CompilerThread1" daemon [_thread_blocked, id=1956, stack(0x00000031ef900000,0x00000031efa00000)]

Other Threads:
  0x0000018cd307c800 VMThread "VM Thread" [stack: 0x00000031ee400000,0x00000031ee500000] [id=9304]
  0x0000018cd3a83000 WatcherThread [stack: 0x00000031eed00000,0x00000031eee00000] [id=13016]
  0x0000018cade63000 GCTaskThread "GC Thread#0" [stack: 0x00000031edf00000,0x00000031ee000000] [id=8020]
  0x0000018cd62e1800 GCTaskThread "GC Thread#1" [stack: 0x00000031ef000000,0x00000031ef100000] [id=9728]
  0x0000018cd67ab000 GCTaskThread "GC Thread#2" [stack: 0x00000031ef700000,0x00000031ef800000] [id=3184]
  0x0000018cd671c800 GCTaskThread "GC Thread#3" [stack: 0x00000031ef800000,0x00000031ef900000] [id=2840]
  0x0000018cade84800 ConcurrentGCThread "G1 Main Marker" [stack: 0x00000031ee000000,0x00000031ee100000] [id=12764]
  0x0000018cade87800 ConcurrentGCThread "G1 Conc#0" [stack: 0x00000031ee100000,0x00000031ee200000] [id=13288]
  0x0000018cd2f78800 ConcurrentGCThread "G1 Refine#0" [stack: 0x00000031ee200000,0x00000031ee300000] [id=10492]
  0x0000018cd2f7a800 ConcurrentGCThread "G1 Young RemSet Sampling" [stack: 0x00000031ee300000,0x00000031ee400000] [id=7452]

Threads with active compile tasks:

VM state:not at safepoint (normal execution)

VM Mutex/Monitor currently owned by a thread: None

Heap address: 0x0000000701000000, size: 4080 MB, Compressed Oops mode: Zero based, Oop shift amount: 3
Narrow klass base: 0x0000000800000000, Narrow klass shift: 3
Compressed class space size: 1073741824 Address: 0x0000000800b40000

Heap:
 garbage-first heap   total 262144K, used 7517K [0x0000000701000000, 0x0000000800000000)
  region size 1024K, 7 young (7168K), 2 survivors (2048K)
 Metaspace       used 5694K, capacity 8560K, committed 8832K, reserved 1056768K
  class space    used 333K, capacity 623K, committed 640K, reserved 1048576K
Heap Regions: E=young(eden), S=young(survivor), O=old, HS=humongous(starts), HC=humongous(continues), CS=collection set, F=free, A=archive, TAMS=top-at-mark-start (previous, next)
|   0|0x0000000701000000, 0x0000000701100000, 0x0000000701100000|100%| O|  |TAMS 0x0000000701000000, 0x0000000701000000| Untracked 
|   1|0x0000000701100000, 0x0000000701157600, 0x0000000701200000| 34%| O|  |TAMS 0x0000000701100000, 0x0000000701100000| Untracked 
|   2|0x0000000701200000, 0x0000000701200000, 0x0000000701300000|  0%| F|  |TAMS 0x0000000701200000, 0x0000000701200000| Untracked 
|   3|0x0000000701300000, 0x0000000701300000, 0x0000000701400000|  0%| F|  |TAMS 0x0000000701300000, 0x0000000701300000| Untracked 
|   4|0x0000000701400000, 0x0000000701400000, 0x0000000701500000|  0%| F|  |TAMS 0x0000000701400000, 0x0000000701400000| Untracked 
|   5|0x0000000701500000, 0x0000000701500000, 0x0000000701600000|  0%| F|  |TAMS 0x0000000701500000, 0x0000000701500000| Untracked 
|   6|0x0000000701600000, 0x0000000701600000, 0x0000000701700000|  0%| F|  |TAMS 0x0000000701600000, 0x0000000701600000| Untracked 
|   7|0x0000000701700000, 0x0000000701700000, 0x0000000701800000|  0%| F|  |TAMS 0x0000000701700000, 0x0000000701700000| Untracked 
|   8|0x0000000701800000, 0x0000000701800000, 0x0000000701900000|  0%| F|  |TAMS 0x0000000701800000, 0x0000000701800000| Untracked 
|   9|0x0000000701900000, 0x0000000701900000, 0x0000000701a00000|  0%| F|  |TAMS 0x0000000701900000, 0x0000000701900000| Untracked 
|  10|0x0000000701a00000, 0x0000000701a00000, 0x0000000701b00000|  0%| F|  |TAMS 0x0000000701a00000, 0x0000000701a00000| Untracked 
|  11|0x0000000701b00000, 0x0000000701b00000, 0x0000000701c00000|  0%| F|  |TAMS 0x0000000701b00000, 0x0000000701b00000| Untracked 
|  12|0x0000000701c00000, 0x0000000701c00000, 0x0000000701d00000|  0%| F|  |TAMS 0x0000000701c00000, 0x0000000701c00000| Untracked 
|  13|0x0000000701d00000, 0x0000000701d00000, 0x0000000701e00000|  0%| F|  |TAMS 0x0000000701d00000, 0x0000000701d00000| Untracked 
|  14|0x0000000701e00000, 0x0000000701e00000, 0x0000000701f00000|  0%| F|  |TAMS 0x0000000701e00000, 0x0000000701e00000| Untracked 
|  15|0x0000000701f00000, 0x0000000701f00000, 0x0000000702000000|  0%| F|  |TAMS 0x0000000701f00000, 0x0000000701f00000| Untracked 
|  16|0x0000000702000000, 0x0000000702000000, 0x0000000702100000|  0%| F|  |TAMS 0x0000000702000000, 0x0000000702000000| Untracked 
|  17|0x0000000702100000, 0x0000000702100000, 0x0000000702200000|  0%| F|  |TAMS 0x0000000702100000, 0x0000000702100000| Untracked 
|  18|0x0000000702200000, 0x0000000702200000, 0x0000000702300000|  0%| F|  |TAMS 0x0000000702200000, 0x0000000702200000| Untracked 
|  19|0x0000000702300000, 0x0000000702300000, 0x0000000702400000|  0%| F|  |TAMS 0x0000000702300000, 0x0000000702300000| Untracked 
|  20|0x0000000702400000, 0x0000000702400000, 0x0000000702500000|  0%| F|  |TAMS 0x0000000702400000, 0x0000000702400000| Untracked 
|  21|0x0000000702500000, 0x0000000702500000, 0x0000000702600000|  0%| F|  |TAMS 0x0000000702500000, 0x0000000702500000| Untracked 
|  22|0x0000000702600000, 0x0000000702600000, 0x0000000702700000|  0%| F|  |TAMS 0x0000000702600000, 0x0000000702600000| Untracked 
|  23|0x0000000702700000, 0x0000000702700000, 0x0000000702800000|  0%| F|  |TAMS 0x0000000702700000, 0x0000000702700000| Untracked 
|  24|0x0000000702800000, 0x0000000702800000, 0x0000000702900000|  0%| F|  |TAMS 0x0000000702800000, 0x0000000702800000| Untracked 
|  25|0x0000000702900000, 0x0000000702900000, 0x0000000702a00000|  0%| F|  |TAMS 0x0000000702900000, 0x0000000702900000| Untracked 
|  26|0x0000000702a00000, 0x0000000702a00000, 0x0000000702b00000|  0%| F|  |TAMS 0x0000000702a00000, 0x0000000702a00000| Untracked 
|  27|0x0000000702b00000, 0x0000000702b00000, 0x0000000702c00000|  0%| F|  |TAMS 0x0000000702b00000, 0x0000000702b00000| Untracked 
|  28|0x0000000702c00000, 0x0000000702c00000, 0x0000000702d00000|  0%| F|  |TAMS 0x0000000702c00000, 0x0000000702c00000| Untracked 
|  29|0x0000000702d00000, 0x0000000702d00000, 0x0000000702e00000|  0%| F|  |TAMS 0x0000000702d00000, 0x0000000702d00000| Untracked 
|  30|0x0000000702e00000, 0x0000000702e00000, 0x0000000702f00000|  0%| F|  |TAMS 0x0000000702e00000, 0x0000000702e00000| Untracked 
|  31|0x0000000702f00000, 0x0000000702f00000, 0x0000000703000000|  0%| F|  |TAMS 0x0000000702f00000, 0x0000000702f00000| Untracked 
|  32|0x0000000703000000, 0x0000000703000000, 0x0000000703100000|  0%| F|  |TAMS 0x0000000703000000, 0x0000000703000000| Untracked 
|  33|0x0000000703100000, 0x0000000703100000, 0x0000000703200000|  0%| F|  |TAMS 0x0000000703100000, 0x0000000703100000| Untracked 
|  34|0x0000000703200000, 0x0000000703200000, 0x0000000703300000|  0%| F|  |TAMS 0x0000000703200000, 0x0000000703200000| Untracked 
|  35|0x0000000703300000, 0x0000000703300000, 0x0000000703400000|  0%| F|  |TAMS 0x0000000703300000, 0x0000000703300000| Untracked 
|  36|0x0000000703400000, 0x0000000703400000, 0x0000000703500000|  0%| F|  |TAMS 0x0000000703400000, 0x0000000703400000| Untracked 
|  37|0x0000000703500000, 0x0000000703500000, 0x0000000703600000|  0%| F|  |TAMS 0x0000000703500000, 0x0000000703500000| Untracked 
|  38|0x0000000703600000, 0x0000000703600000, 0x0000000703700000|  0%| F|  |TAMS 0x0000000703600000, 0x0000000703600000| Untracked 
|  39|0x0000000703700000, 0x0000000703700000, 0x0000000703800000|  0%| F|  |TAMS 0x0000000703700000, 0x0000000703700000| Untracked 
|  40|0x0000000703800000, 0x0000000703800000, 0x0000000703900000|  0%| F|  |TAMS 0x0000000703800000, 0x0000000703800000| Untracked 
|  41|0x0000000703900000, 0x0000000703900000, 0x0000000703a00000|  0%| F|  |TAMS 0x0000000703900000, 0x0000000703900000| Untracked 
|  42|0x0000000703a00000, 0x0000000703a00000, 0x0000000703b00000|  0%| F|  |TAMS 0x0000000703a00000, 0x0000000703a00000| Untracked 
|  43|0x0000000703b00000, 0x0000000703b00000, 0x0000000703c00000|  0%| F|  |TAMS 0x0000000703b00000, 0x0000000703b00000| Untracked 
|  44|0x0000000703c00000, 0x0000000703c00000, 0x0000000703d00000|  0%| F|  |TAMS 0x0000000703c00000, 0x0000000703c00000| Untracked 
|  45|0x0000000703d00000, 0x0000000703d00000, 0x0000000703e00000|  0%| F|  |TAMS 0x0000000703d00000, 0x0000000703d00000| Untracked 
|  46|0x0000000703e00000, 0x0000000703e00000, 0x0000000703f00000|  0%| F|  |TAMS 0x0000000703e00000, 0x0000000703e00000| Untracked 
|  47|0x0000000703f00000, 0x0000000703f00000, 0x0000000704000000|  0%| F|  |TAMS 0x0000000703f00000, 0x0000000703f00000| Untracked 
|  48|0x0000000704000000, 0x0000000704000000, 0x0000000704100000|  0%| F|  |TAMS 0x0000000704000000, 0x0000000704000000| Untracked 
|  49|0x0000000704100000, 0x0000000704100000, 0x0000000704200000|  0%| F|  |TAMS 0x0000000704100000, 0x0000000704100000| Untracked 
|  50|0x0000000704200000, 0x0000000704200000, 0x0000000704300000|  0%| F|  |TAMS 0x0000000704200000, 0x0000000704200000| Untracked 
|  51|0x0000000704300000, 0x0000000704300000, 0x0000000704400000|  0%| F|  |TAMS 0x0000000704300000, 0x0000000704300000| Untracked 
|  52|0x0000000704400000, 0x0000000704400000, 0x0000000704500000|  0%| F|  |TAMS 0x0000000704400000, 0x0000000704400000| Untracked 
|  53|0x0000000704500000, 0x0000000704500000, 0x0000000704600000|  0%| F|  |TAMS 0x0000000704500000, 0x0000000704500000| Untracked 
|  54|0x0000000704600000, 0x0000000704600000, 0x0000000704700000|  0%| F|  |TAMS 0x0000000704600000, 0x0000000704600000| Untracked 
|  55|0x0000000704700000, 0x0000000704700000, 0x0000000704800000|  0%| F|  |TAMS 0x0000000704700000, 0x0000000704700000| Untracked 
|  56|0x0000000704800000, 0x0000000704800000, 0x0000000704900000|  0%| F|  |TAMS 0x0000000704800000, 0x0000000704800000| Untracked 
|  57|0x0000000704900000, 0x0000000704900000, 0x0000000704a00000|  0%| F|  |TAMS 0x0000000704900000, 0x0000000704900000| Untracked 
|  58|0x0000000704a00000, 0x0000000704a00000, 0x0000000704b00000|  0%| F|  |TAMS 0x0000000704a00000, 0x0000000704a00000| Untracked 
|  59|0x0000000704b00000, 0x0000000704b00000, 0x0000000704c00000|  0%| F|  |TAMS 0x0000000704b00000, 0x0000000704b00000| Untracked 
|  60|0x0000000704c00000, 0x0000000704c00000, 0x0000000704d00000|  0%| F|  |TAMS 0x0000000704c00000, 0x0000000704c00000| Untracked 
|  61|0x0000000704d00000, 0x0000000704d00000, 0x0000000704e00000|  0%| F|  |TAMS 0x0000000704d00000, 0x0000000704d00000| Untracked 
|  62|0x0000000704e00000, 0x0000000704e00000, 0x0000000704f00000|  0%| F|  |TAMS 0x0000000704e00000, 0x0000000704e00000| Untracked 
|  63|0x0000000704f00000, 0x0000000704f00000, 0x0000000705000000|  0%| F|  |TAMS 0x0000000704f00000, 0x0000000704f00000| Untracked 
|  64|0x0000000705000000, 0x0000000705000000, 0x0000000705100000|  0%| F|  |TAMS 0x0000000705000000, 0x0000000705000000| Untracked 
|  65|0x0000000705100000, 0x0000000705100000, 0x0000000705200000|  0%| F|  |TAMS 0x0000000705100000, 0x0000000705100000| Untracked 
|  66|0x0000000705200000, 0x0000000705200000, 0x0000000705300000|  0%| F|  |TAMS 0x0000000705200000, 0x0000000705200000| Untracked 
|  67|0x0000000705300000, 0x0000000705300000, 0x0000000705400000|  0%| F|  |TAMS 0x0000000705300000, 0x0000000705300000| Untracked 
|  68|0x0000000705400000, 0x0000000705400000, 0x0000000705500000|  0%| F|  |TAMS 0x0000000705400000, 0x0000000705400000| Untracked 
|  69|0x0000000705500000, 0x0000000705500000, 0x0000000705600000|  0%| F|  |TAMS 0x0000000705500000, 0x0000000705500000| Untracked 
|  70|0x0000000705600000, 0x0000000705600000, 0x0000000705700000|  0%| F|  |TAMS 0x0000000705600000, 0x0000000705600000| Untracked 
|  71|0x0000000705700000, 0x0000000705700000, 0x0000000705800000|  0%| F|  |TAMS 0x0000000705700000, 0x0000000705700000| Untracked 
|  72|0x0000000705800000, 0x0000000705800000, 0x0000000705900000|  0%| F|  |TAMS 0x0000000705800000, 0x0000000705800000| Untracked 
|  73|0x0000000705900000, 0x0000000705900000, 0x0000000705a00000|  0%| F|  |TAMS 0x0000000705900000, 0x0000000705900000| Untracked 
|  74|0x0000000705a00000, 0x0000000705a00000, 0x0000000705b00000|  0%| F|  |TAMS 0x0000000705a00000, 0x0000000705a00000| Untracked 
|  75|0x0000000705b00000, 0x0000000705b00000, 0x0000000705c00000|  0%| F|  |TAMS 0x0000000705b00000, 0x0000000705b00000| Untracked 
|  76|0x0000000705c00000, 0x0000000705c00000, 0x0000000705d00000|  0%| F|  |TAMS 0x0000000705c00000, 0x0000000705c00000| Untracked 
|  77|0x0000000705d00000, 0x0000000705d00000, 0x0000000705e00000|  0%| F|  |TAMS 0x0000000705d00000, 0x0000000705d00000| Untracked 
|  78|0x0000000705e00000, 0x0000000705e00000, 0x0000000705f00000|  0%| F|  |TAMS 0x0000000705e00000, 0x0000000705e00000| Untracked 
|  79|0x0000000705f00000, 0x0000000705f00000, 0x0000000706000000|  0%| F|  |TAMS 0x0000000705f00000, 0x0000000705f00000| Untracked 
|  80|0x0000000706000000, 0x0000000706000000, 0x0000000706100000|  0%| F|  |TAMS 0x0000000706000000, 0x0000000706000000| Untracked 
|  81|0x0000000706100000, 0x0000000706100000, 0x0000000706200000|  0%| F|  |TAMS 0x0000000706100000, 0x0000000706100000| Untracked 
|  82|0x0000000706200000, 0x0000000706200000, 0x0000000706300000|  0%| F|  |TAMS 0x0000000706200000, 0x0000000706200000| Untracked 
|  83|0x0000000706300000, 0x0000000706300000, 0x0000000706400000|  0%| F|  |TAMS 0x0000000706300000, 0x0000000706300000| Untracked 
|  84|0x0000000706400000, 0x0000000706400000, 0x0000000706500000|  0%| F|  |TAMS 0x0000000706400000, 0x0000000706400000| Untracked 
|  85|0x0000000706500000, 0x0000000706500000, 0x0000000706600000|  0%| F|  |TAMS 0x0000000706500000, 0x0000000706500000| Untracked 
|  86|0x0000000706600000, 0x0000000706600000, 0x0000000706700000|  0%| F|  |TAMS 0x0000000706600000, 0x0000000706600000| Untracked 
|  87|0x0000000706700000, 0x0000000706700000, 0x0000000706800000|  0%| F|  |TAMS 0x0000000706700000, 0x0000000706700000| Untracked 
|  88|0x0000000706800000, 0x0000000706800000, 0x0000000706900000|  0%| F|  |TAMS 0x0000000706800000, 0x0000000706800000| Untracked 
|  89|0x0000000706900000, 0x0000000706900000, 0x0000000706a00000|  0%| F|  |TAMS 0x0000000706900000, 0x0000000706900000| Untracked 
|  90|0x0000000706a00000, 0x0000000706a00000, 0x0000000706b00000|  0%| F|  |TAMS 0x0000000706a00000, 0x0000000706a00000| Untracked 
|  91|0x0000000706b00000, 0x0000000706b00000, 0x0000000706c00000|  0%| F|  |TAMS 0x0000000706b00000, 0x0000000706b00000| Untracked 
|  92|0x0000000706c00000, 0x0000000706c00000, 0x0000000706d00000|  0%| F|  |TAMS 0x0000000706c00000, 0x0000000706c00000| Untracked 
|  93|0x0000000706d00000, 0x0000000706d00000, 0x0000000706e00000|  0%| F|  |TAMS 0x0000000706d00000, 0x0000000706d00000| Untracked 
|  94|0x0000000706e00000, 0x0000000706e00000, 0x0000000706f00000|  0%| F|  |TAMS 0x0000000706e00000, 0x0000000706e00000| Untracked 
|  95|0x0000000706f00000, 0x0000000706f00000, 0x0000000707000000|  0%| F|  |TAMS 0x0000000706f00000, 0x0000000706f00000| Untracked 
|  96|0x0000000707000000, 0x0000000707000000, 0x0000000707100000|  0%| F|  |TAMS 0x0000000707000000, 0x0000000707000000| Untracked 
|  97|0x0000000707100000, 0x0000000707100000, 0x0000000707200000|  0%| F|  |TAMS 0x0000000707100000, 0x0000000707100000| Untracked 
|  98|0x0000000707200000, 0x0000000707200000, 0x0000000707300000|  0%| F|  |TAMS 0x0000000707200000, 0x0000000707200000| Untracked 
|  99|0x0000000707300000, 0x0000000707300000, 0x0000000707400000|  0%| F|  |TAMS 0x0000000707300000, 0x0000000707300000| Untracked 
| 100|0x0000000707400000, 0x0000000707400000, 0x0000000707500000|  0%| F|  |TAMS 0x0000000707400000, 0x0000000707400000| Untracked 
| 101|0x0000000707500000, 0x0000000707500000, 0x0000000707600000|  0%| F|  |TAMS 0x0000000707500000, 0x0000000707500000| Untracked 
| 102|0x0000000707600000, 0x0000000707600000, 0x0000000707700000|  0%| F|  |TAMS 0x0000000707600000, 0x0000000707600000| Untracked 
| 103|0x0000000707700000, 0x0000000707700000, 0x0000000707800000|  0%| F|  |TAMS 0x0000000707700000, 0x0000000707700000| Untracked 
| 104|0x0000000707800000, 0x0000000707800000, 0x0000000707900000|  0%| F|  |TAMS 0x0000000707800000, 0x0000000707800000| Untracked 
| 105|0x0000000707900000, 0x0000000707900000, 0x0000000707a00000|  0%| F|  |TAMS 0x0000000707900000, 0x0000000707900000| Untracked 
| 106|0x0000000707a00000, 0x0000000707a00000, 0x0000000707b00000|  0%| F|  |TAMS 0x0000000707a00000, 0x0000000707a00000| Untracked 
| 107|0x0000000707b00000, 0x0000000707b00000, 0x0000000707c00000|  0%| F|  |TAMS 0x0000000707b00000, 0x0000000707b00000| Untracked 
| 108|0x0000000707c00000, 0x0000000707c00000, 0x0000000707d00000|  0%| F|  |TAMS 0x0000000707c00000, 0x0000000707c00000| Untracked 
| 109|0x0000000707d00000, 0x0000000707d00000, 0x0000000707e00000|  0%| F|  |TAMS 0x0000000707d00000, 0x0000000707d00000| Untracked 
| 110|0x0000000707e00000, 0x0000000707e00000, 0x0000000707f00000|  0%| F|  |TAMS 0x0000000707e00000, 0x0000000707e00000| Untracked 
| 111|0x0000000707f00000, 0x0000000707f00000, 0x0000000708000000|  0%| F|  |TAMS 0x0000000707f00000, 0x0000000707f00000| Untracked 
| 112|0x0000000708000000, 0x0000000708000000, 0x0000000708100000|  0%| F|  |TAMS 0x0000000708000000, 0x0000000708000000| Untracked 
| 113|0x0000000708100000, 0x0000000708100000, 0x0000000708200000|  0%| F|  |TAMS 0x0000000708100000, 0x0000000708100000| Untracked 
| 114|0x0000000708200000, 0x0000000708200000, 0x0000000708300000|  0%| F|  |TAMS 0x0000000708200000, 0x0000000708200000| Untracked 
| 115|0x0000000708300000, 0x0000000708300000, 0x0000000708400000|  0%| F|  |TAMS 0x0000000708300000, 0x0000000708300000| Untracked 
| 116|0x0000000708400000, 0x0000000708400000, 0x0000000708500000|  0%| F|  |TAMS 0x0000000708400000, 0x0000000708400000| Untracked 
| 117|0x0000000708500000, 0x0000000708500000, 0x0000000708600000|  0%| F|  |TAMS 0x0000000708500000, 0x0000000708500000| Untracked 
| 118|0x0000000708600000, 0x0000000708600000, 0x0000000708700000|  0%| F|  |TAMS 0x0000000708600000, 0x0000000708600000| Untracked 
| 119|0x0000000708700000, 0x0000000708700000, 0x0000000708800000|  0%| F|  |TAMS 0x0000000708700000, 0x0000000708700000| Untracked 
| 120|0x0000000708800000, 0x0000000708800000, 0x0000000708900000|  0%| F|  |TAMS 0x0000000708800000, 0x0000000708800000| Untracked 
| 121|0x0000000708900000, 0x0000000708900000, 0x0000000708a00000|  0%| F|  |TAMS 0x0000000708900000, 0x0000000708900000| Untracked 
| 122|0x0000000708a00000, 0x0000000708a00000, 0x0000000708b00000|  0%| F|  |TAMS 0x0000000708a00000, 0x0000000708a00000| Untracked 
| 123|0x0000000708b00000, 0x0000000708b00000, 0x0000000708c00000|  0%| F|  |TAMS 0x0000000708b00000, 0x0000000708b00000| Untracked 
| 124|0x0000000708c00000, 0x0000000708c00000, 0x0000000708d00000|  0%| F|  |TAMS 0x0000000708c00000, 0x0000000708c00000| Untracked 
| 125|0x0000000708d00000, 0x0000000708d00000, 0x0000000708e00000|  0%| F|  |TAMS 0x0000000708d00000, 0x0000000708d00000| Untracked 
| 126|0x0000000708e00000, 0x0000000708e00000, 0x0000000708f00000|  0%| F|  |TAMS 0x0000000708e00000, 0x0000000708e00000| Untracked 
| 127|0x0000000708f00000, 0x0000000708f00000, 0x0000000709000000|  0%| F|  |TAMS 0x0000000708f00000, 0x0000000708f00000| Untracked 
| 128|0x0000000709000000, 0x0000000709000000, 0x0000000709100000|  0%| F|  |TAMS 0x0000000709000000, 0x0000000709000000| Untracked 
| 129|0x0000000709100000, 0x0000000709100000, 0x0000000709200000|  0%| F|  |TAMS 0x0000000709100000, 0x0000000709100000| Untracked 
| 130|0x0000000709200000, 0x0000000709200000, 0x0000000709300000|  0%| F|  |TAMS 0x0000000709200000, 0x0000000709200000| Untracked 
| 131|0x0000000709300000, 0x0000000709300000, 0x0000000709400000|  0%| F|  |TAMS 0x0000000709300000, 0x0000000709300000| Untracked 
| 132|0x0000000709400000, 0x0000000709400000, 0x0000000709500000|  0%| F|  |TAMS 0x0000000709400000, 0x0000000709400000| Untracked 
| 133|0x0000000709500000, 0x0000000709500000, 0x0000000709600000|  0%| F|  |TAMS 0x0000000709500000, 0x0000000709500000| Untracked 
| 134|0x0000000709600000, 0x0000000709600000, 0x0000000709700000|  0%| F|  |TAMS 0x0000000709600000, 0x0000000709600000| Untracked 
| 135|0x0000000709700000, 0x0000000709700000, 0x0000000709800000|  0%| F|  |TAMS 0x0000000709700000, 0x0000000709700000| Untracked 
| 136|0x0000000709800000, 0x0000000709800000, 0x0000000709900000|  0%| F|  |TAMS 0x0000000709800000, 0x0000000709800000| Untracked 
| 137|0x0000000709900000, 0x0000000709900000, 0x0000000709a00000|  0%| F|  |TAMS 0x0000000709900000, 0x0000000709900000| Untracked 
| 138|0x0000000709a00000, 0x0000000709a00000, 0x0000000709b00000|  0%| F|  |TAMS 0x0000000709a00000, 0x0000000709a00000| Untracked 
| 139|0x0000000709b00000, 0x0000000709b00000, 0x0000000709c00000|  0%| F|  |TAMS 0x0000000709b00000, 0x0000000709b00000| Untracked 
| 140|0x0000000709c00000, 0x0000000709c00000, 0x0000000709d00000|  0%| F|  |TAMS 0x0000000709c00000, 0x0000000709c00000| Untracked 
| 141|0x0000000709d00000, 0x0000000709d00000, 0x0000000709e00000|  0%| F|  |TAMS 0x0000000709d00000, 0x0000000709d00000| Untracked 
| 142|0x0000000709e00000, 0x0000000709e00000, 0x0000000709f00000|  0%| F|  |TAMS 0x0000000709e00000, 0x0000000709e00000| Untracked 
| 143|0x0000000709f00000, 0x0000000709f00000, 0x000000070a000000|  0%| F|  |TAMS 0x0000000709f00000, 0x0000000709f00000| Untracked 
| 144|0x000000070a000000, 0x000000070a000000, 0x000000070a100000|  0%| F|  |TAMS 0x000000070a000000, 0x000000070a000000| Untracked 
| 145|0x000000070a100000, 0x000000070a100000, 0x000000070a200000|  0%| F|  |TAMS 0x000000070a100000, 0x000000070a100000| Untracked 
| 146|0x000000070a200000, 0x000000070a200000, 0x000000070a300000|  0%| F|  |TAMS 0x000000070a200000, 0x000000070a200000| Untracked 
| 147|0x000000070a300000, 0x000000070a300000, 0x000000070a400000|  0%| F|  |TAMS 0x000000070a300000, 0x000000070a300000| Untracked 
| 148|0x000000070a400000, 0x000000070a400000, 0x000000070a500000|  0%| F|  |TAMS 0x000000070a400000, 0x000000070a400000| Untracked 
| 149|0x000000070a500000, 0x000000070a500000, 0x000000070a600000|  0%| F|  |TAMS 0x000000070a500000, 0x000000070a500000| Untracked 
| 150|0x000000070a600000, 0x000000070a600000, 0x000000070a700000|  0%| F|  |TAMS 0x000000070a600000, 0x000000070a600000| Untracked 
| 151|0x000000070a700000, 0x000000070a700000, 0x000000070a800000|  0%| F|  |TAMS 0x000000070a700000, 0x000000070a700000| Untracked 
| 152|0x000000070a800000, 0x000000070a800000, 0x000000070a900000|  0%| F|  |TAMS 0x000000070a800000, 0x000000070a800000| Untracked 
| 153|0x000000070a900000, 0x000000070a900000, 0x000000070aa00000|  0%| F|  |TAMS 0x000000070a900000, 0x000000070a900000| Untracked 
| 154|0x000000070aa00000, 0x000000070aa00000, 0x000000070ab00000|  0%| F|  |TAMS 0x000000070aa00000, 0x000000070aa00000| Untracked 
| 155|0x000000070ab00000, 0x000000070ab00000, 0x000000070ac00000|  0%| F|  |TAMS 0x000000070ab00000, 0x000000070ab00000| Untracked 
| 156|0x000000070ac00000, 0x000000070ac00000, 0x000000070ad00000|  0%| F|  |TAMS 0x000000070ac00000, 0x000000070ac00000| Untracked 
| 157|0x000000070ad00000, 0x000000070ad00000, 0x000000070ae00000|  0%| F|  |TAMS 0x000000070ad00000, 0x000000070ad00000| Untracked 
| 158|0x000000070ae00000, 0x000000070ae00000, 0x000000070af00000|  0%| F|  |TAMS 0x000000070ae00000, 0x000000070ae00000| Untracked 
| 159|0x000000070af00000, 0x000000070af00000, 0x000000070b000000|  0%| F|  |TAMS 0x000000070af00000, 0x000000070af00000| Untracked 
| 160|0x000000070b000000, 0x000000070b000000, 0x000000070b100000|  0%| F|  |TAMS 0x000000070b000000, 0x000000070b000000| Untracked 
| 161|0x000000070b100000, 0x000000070b100000, 0x000000070b200000|  0%| F|  |TAMS 0x000000070b100000, 0x000000070b100000| Untracked 
| 162|0x000000070b200000, 0x000000070b200000, 0x000000070b300000|  0%| F|  |TAMS 0x000000070b200000, 0x000000070b200000| Untracked 
| 163|0x000000070b300000, 0x000000070b300000, 0x000000070b400000|  0%| F|  |TAMS 0x000000070b300000, 0x000000070b300000| Untracked 
| 164|0x000000070b400000, 0x000000070b400000, 0x000000070b500000|  0%| F|  |TAMS 0x000000070b400000, 0x000000070b400000| Untracked 
| 165|0x000000070b500000, 0x000000070b500000, 0x000000070b600000|  0%| F|  |TAMS 0x000000070b500000, 0x000000070b500000| Untracked 
| 166|0x000000070b600000, 0x000000070b600000, 0x000000070b700000|  0%| F|  |TAMS 0x000000070b600000, 0x000000070b600000| Untracked 
| 167|0x000000070b700000, 0x000000070b700000, 0x000000070b800000|  0%| F|  |TAMS 0x000000070b700000, 0x000000070b700000| Untracked 
| 168|0x000000070b800000, 0x000000070b800000, 0x000000070b900000|  0%| F|  |TAMS 0x000000070b800000, 0x000000070b800000| Untracked 
| 169|0x000000070b900000, 0x000000070b900000, 0x000000070ba00000|  0%| F|  |TAMS 0x000000070b900000, 0x000000070b900000| Untracked 
| 170|0x000000070ba00000, 0x000000070ba00000, 0x000000070bb00000|  0%| F|  |TAMS 0x000000070ba00000, 0x000000070ba00000| Untracked 
| 171|0x000000070bb00000, 0x000000070bb00000, 0x000000070bc00000|  0%| F|  |TAMS 0x000000070bb00000, 0x000000070bb00000| Untracked 
| 172|0x000000070bc00000, 0x000000070bc00000, 0x000000070bd00000|  0%| F|  |TAMS 0x000000070bc00000, 0x000000070bc00000| Untracked 
| 173|0x000000070bd00000, 0x000000070bd00000, 0x000000070be00000|  0%| F|  |TAMS 0x000000070bd00000, 0x000000070bd00000| Untracked 
| 174|0x000000070be00000, 0x000000070be00000, 0x000000070bf00000|  0%| F|  |TAMS 0x000000070be00000, 0x000000070be00000| Untracked 
| 175|0x000000070bf00000, 0x000000070bf00000, 0x000000070c000000|  0%| F|  |TAMS 0x000000070bf00000, 0x000000070bf00000| Untracked 
| 176|0x000000070c000000, 0x000000070c000000, 0x000000070c100000|  0%| F|  |TAMS 0x000000070c000000, 0x000000070c000000| Untracked 
| 177|0x000000070c100000, 0x000000070c100000, 0x000000070c200000|  0%| F|  |TAMS 0x000000070c100000, 0x000000070c100000| Untracked 
| 178|0x000000070c200000, 0x000000070c200000, 0x000000070c300000|  0%| F|  |TAMS 0x000000070c200000, 0x000000070c200000| Untracked 
| 179|0x000000070c300000, 0x000000070c300000, 0x000000070c400000|  0%| F|  |TAMS 0x000000070c300000, 0x000000070c300000| Untracked 
| 180|0x000000070c400000, 0x000000070c400000, 0x000000070c500000|  0%| F|  |TAMS 0x000000070c400000, 0x000000070c400000| Untracked 
| 181|0x000000070c500000, 0x000000070c500000, 0x000000070c600000|  0%| F|  |TAMS 0x000000070c500000, 0x000000070c500000| Untracked 
| 182|0x000000070c600000, 0x000000070c600000, 0x000000070c700000|  0%| F|  |TAMS 0x000000070c600000, 0x000000070c600000| Untracked 
| 183|0x000000070c700000, 0x000000070c700000, 0x000000070c800000|  0%| F|  |TAMS 0x000000070c700000, 0x000000070c700000| Untracked 
| 184|0x000000070c800000, 0x000000070c800000, 0x000000070c900000|  0%| F|  |TAMS 0x000000070c800000, 0x000000070c800000| Untracked 
| 185|0x000000070c900000, 0x000000070c900000, 0x000000070ca00000|  0%| F|  |TAMS 0x000000070c900000, 0x000000070c900000| Untracked 
| 186|0x000000070ca00000, 0x000000070ca00000, 0x000000070cb00000|  0%| F|  |TAMS 0x000000070ca00000, 0x000000070ca00000| Untracked 
| 187|0x000000070cb00000, 0x000000070cb00000, 0x000000070cc00000|  0%| F|  |TAMS 0x000000070cb00000, 0x000000070cb00000| Untracked 
| 188|0x000000070cc00000, 0x000000070cc00000, 0x000000070cd00000|  0%| F|  |TAMS 0x000000070cc00000, 0x000000070cc00000| Untracked 
| 189|0x000000070cd00000, 0x000000070cd00000, 0x000000070ce00000|  0%| F|  |TAMS 0x000000070cd00000, 0x000000070cd00000| Untracked 
| 190|0x000000070ce00000, 0x000000070ce00000, 0x000000070cf00000|  0%| F|  |TAMS 0x000000070ce00000, 0x000000070ce00000| Untracked 
| 191|0x000000070cf00000, 0x000000070cf00000, 0x000000070d000000|  0%| F|  |TAMS 0x000000070cf00000, 0x000000070cf00000| Untracked 
| 192|0x000000070d000000, 0x000000070d000000, 0x000000070d100000|  0%| F|  |TAMS 0x000000070d000000, 0x000000070d000000| Untracked 
| 193|0x000000070d100000, 0x000000070d100000, 0x000000070d200000|  0%| F|  |TAMS 0x000000070d100000, 0x000000070d100000| Untracked 
| 194|0x000000070d200000, 0x000000070d200000, 0x000000070d300000|  0%| F|  |TAMS 0x000000070d200000, 0x000000070d200000| Untracked 
| 195|0x000000070d300000, 0x000000070d300000, 0x000000070d400000|  0%| F|  |TAMS 0x000000070d300000, 0x000000070d300000| Untracked 
| 196|0x000000070d400000, 0x000000070d400000, 0x000000070d500000|  0%| F|  |TAMS 0x000000070d400000, 0x000000070d400000| Untracked 
| 197|0x000000070d500000, 0x000000070d500000, 0x000000070d600000|  0%| F|  |TAMS 0x000000070d500000, 0x000000070d500000| Untracked 
| 198|0x000000070d600000, 0x000000070d600000, 0x000000070d700000|  0%| F|  |TAMS 0x000000070d600000, 0x000000070d600000| Untracked 
| 199|0x000000070d700000, 0x000000070d700000, 0x000000070d800000|  0%| F|  |TAMS 0x000000070d700000, 0x000000070d700000| Untracked 
| 200|0x000000070d800000, 0x000000070d800000, 0x000000070d900000|  0%| F|  |TAMS 0x000000070d800000, 0x000000070d800000| Untracked 
| 201|0x000000070d900000, 0x000000070d900000, 0x000000070da00000|  0%| F|  |TAMS 0x000000070d900000, 0x000000070d900000| Untracked 
| 202|0x000000070da00000, 0x000000070da00000, 0x000000070db00000|  0%| F|  |TAMS 0x000000070da00000, 0x000000070da00000| Untracked 
| 203|0x000000070db00000, 0x000000070db00000, 0x000000070dc00000|  0%| F|  |TAMS 0x000000070db00000, 0x000000070db00000| Untracked 
| 204|0x000000070dc00000, 0x000000070dc00000, 0x000000070dd00000|  0%| F|  |TAMS 0x000000070dc00000, 0x000000070dc00000| Untracked 
| 205|0x000000070dd00000, 0x000000070dd00000, 0x000000070de00000|  0%| F|  |TAMS 0x000000070dd00000, 0x000000070dd00000| Untracked 
| 206|0x000000070de00000, 0x000000070de00000, 0x000000070df00000|  0%| F|  |TAMS 0x000000070de00000, 0x000000070de00000| Untracked 
| 207|0x000000070df00000, 0x000000070df00000, 0x000000070e000000|  0%| F|  |TAMS 0x000000070df00000, 0x000000070df00000| Untracked 
| 208|0x000000070e000000, 0x000000070e000000, 0x000000070e100000|  0%| F|  |TAMS 0x000000070e000000, 0x000000070e000000| Untracked 
| 209|0x000000070e100000, 0x000000070e100000, 0x000000070e200000|  0%| F|  |TAMS 0x000000070e100000, 0x000000070e100000| Untracked 
| 210|0x000000070e200000, 0x000000070e200000, 0x000000070e300000|  0%| F|  |TAMS 0x000000070e200000, 0x000000070e200000| Untracked 
| 211|0x000000070e300000, 0x000000070e300000, 0x000000070e400000|  0%| F|  |TAMS 0x000000070e300000, 0x000000070e300000| Untracked 
| 212|0x000000070e400000, 0x000000070e400000, 0x000000070e500000|  0%| F|  |TAMS 0x000000070e400000, 0x000000070e400000| Untracked 
| 213|0x000000070e500000, 0x000000070e500000, 0x000000070e600000|  0%| F|  |TAMS 0x000000070e500000, 0x000000070e500000| Untracked 
| 214|0x000000070e600000, 0x000000070e600000, 0x000000070e700000|  0%| F|  |TAMS 0x000000070e600000, 0x000000070e600000| Untracked 
| 215|0x000000070e700000, 0x000000070e700000, 0x000000070e800000|  0%| F|  |TAMS 0x000000070e700000, 0x000000070e700000| Untracked 
| 216|0x000000070e800000, 0x000000070e800000, 0x000000070e900000|  0%| F|  |TAMS 0x000000070e800000, 0x000000070e800000| Untracked 
| 217|0x000000070e900000, 0x000000070e900000, 0x000000070ea00000|  0%| F|  |TAMS 0x000000070e900000, 0x000000070e900000| Untracked 
| 218|0x000000070ea00000, 0x000000070ea00000, 0x000000070eb00000|  0%| F|  |TAMS 0x000000070ea00000, 0x000000070ea00000| Untracked 
| 219|0x000000070eb00000, 0x000000070eb00000, 0x000000070ec00000|  0%| F|  |TAMS 0x000000070eb00000, 0x000000070eb00000| Untracked 
| 220|0x000000070ec00000, 0x000000070ec00000, 0x000000070ed00000|  0%| F|  |TAMS 0x000000070ec00000, 0x000000070ec00000| Untracked 
| 221|0x000000070ed00000, 0x000000070ed00000, 0x000000070ee00000|  0%| F|  |TAMS 0x000000070ed00000, 0x000000070ed00000| Untracked 
| 222|0x000000070ee00000, 0x000000070ee00000, 0x000000070ef00000|  0%| F|  |TAMS 0x000000070ee00000, 0x000000070ee00000| Untracked 
| 223|0x000000070ef00000, 0x000000070ef00000, 0x000000070f000000|  0%| F|  |TAMS 0x000000070ef00000, 0x000000070ef00000| Untracked 
| 224|0x000000070f000000, 0x000000070f000000, 0x000000070f100000|  0%| F|  |TAMS 0x000000070f000000, 0x000000070f000000| Untracked 
| 225|0x000000070f100000, 0x000000070f100000, 0x000000070f200000|  0%| F|  |TAMS 0x000000070f100000, 0x000000070f100000| Untracked 
| 226|0x000000070f200000, 0x000000070f200000, 0x000000070f300000|  0%| F|  |TAMS 0x000000070f200000, 0x000000070f200000| Untracked 
| 227|0x000000070f300000, 0x000000070f300000, 0x000000070f400000|  0%| F|  |TAMS 0x000000070f300000, 0x000000070f300000| Untracked 
| 228|0x000000070f400000, 0x000000070f400000, 0x000000070f500000|  0%| F|  |TAMS 0x000000070f400000, 0x000000070f400000| Untracked 
| 229|0x000000070f500000, 0x000000070f500000, 0x000000070f600000|  0%| F|  |TAMS 0x000000070f500000, 0x000000070f500000| Untracked 
| 230|0x000000070f600000, 0x000000070f600000, 0x000000070f700000|  0%| F|  |TAMS 0x000000070f600000, 0x000000070f600000| Untracked 
| 231|0x000000070f700000, 0x000000070f700000, 0x000000070f800000|  0%| F|  |TAMS 0x000000070f700000, 0x000000070f700000| Untracked 
| 232|0x000000070f800000, 0x000000070f800000, 0x000000070f900000|  0%| F|  |TAMS 0x000000070f800000, 0x000000070f800000| Untracked 
| 233|0x000000070f900000, 0x000000070f900000, 0x000000070fa00000|  0%| F|  |TAMS 0x000000070f900000, 0x000000070f900000| Untracked 
| 234|0x000000070fa00000, 0x000000070fa00000, 0x000000070fb00000|  0%| F|  |TAMS 0x000000070fa00000, 0x000000070fa00000| Untracked 
| 235|0x000000070fb00000, 0x000000070fb00000, 0x000000070fc00000|  0%| F|  |TAMS 0x000000070fb00000, 0x000000070fb00000| Untracked 
| 236|0x000000070fc00000, 0x000000070fc00000, 0x000000070fd00000|  0%| F|  |TAMS 0x000000070fc00000, 0x000000070fc00000| Untracked 
| 237|0x000000070fd00000, 0x000000070fd00000, 0x000000070fe00000|  0%| F|  |TAMS 0x000000070fd00000, 0x000000070fd00000| Untracked 
| 238|0x000000070fe00000, 0x000000070fe00000, 0x000000070ff00000|  0%| F|  |TAMS 0x000000070fe00000, 0x000000070fe00000| Untracked 
| 239|0x000000070ff00000, 0x000000070ff00000, 0x0000000710000000|  0%| F|  |TAMS 0x000000070ff00000, 0x000000070ff00000| Untracked 
| 240|0x0000000710000000, 0x0000000710100000, 0x0000000710100000|100%| S|CS|TAMS 0x0000000710000000, 0x0000000710000000| Complete 
| 241|0x0000000710100000, 0x0000000710200000, 0x0000000710200000|100%| S|CS|TAMS 0x0000000710100000, 0x0000000710100000| Complete 
| 242|0x0000000710200000, 0x0000000710200000, 0x0000000710300000|  0%| F|  |TAMS 0x0000000710200000, 0x0000000710200000| Untracked 
| 243|0x0000000710300000, 0x0000000710300000, 0x0000000710400000|  0%| F|  |TAMS 0x0000000710300000, 0x0000000710300000| Untracked 
| 244|0x0000000710400000, 0x0000000710400000, 0x0000000710500000|  0%| F|  |TAMS 0x0000000710400000, 0x0000000710400000| Untracked 
| 245|0x0000000710500000, 0x0000000710500000, 0x0000000710600000|  0%| F|  |TAMS 0x0000000710500000, 0x0000000710500000| Untracked 
| 246|0x0000000710600000, 0x0000000710600000, 0x0000000710700000|  0%| F|  |TAMS 0x0000000710600000, 0x0000000710600000| Untracked 
| 247|0x0000000710700000, 0x0000000710700000, 0x0000000710800000|  0%| F|  |TAMS 0x0000000710700000, 0x0000000710700000| Untracked 
| 248|0x0000000710800000, 0x0000000710800000, 0x0000000710900000|  0%| F|  |TAMS 0x0000000710800000, 0x0000000710800000| Untracked 
| 249|0x0000000710900000, 0x0000000710900000, 0x0000000710a00000|  0%| F|  |TAMS 0x0000000710900000, 0x0000000710900000| Untracked 
| 250|0x0000000710a00000, 0x0000000710a00000, 0x0000000710b00000|  0%| F|  |TAMS 0x0000000710a00000, 0x0000000710a00000| Untracked 
| 251|0x0000000710b00000, 0x0000000710b80800, 0x0000000710c00000| 50%| E|  |TAMS 0x0000000710b00000, 0x0000000710b00000| Complete 
| 252|0x0000000710c00000, 0x0000000710d00000, 0x0000000710d00000|100%| E|CS|TAMS 0x0000000710c00000, 0x0000000710c00000| Complete 
| 253|0x0000000710d00000, 0x0000000710e00000, 0x0000000710e00000|100%| E|CS|TAMS 0x0000000710d00000, 0x0000000710d00000| Complete 
| 254|0x0000000710e00000, 0x0000000710f00000, 0x0000000710f00000|100%| E|CS|TAMS 0x0000000710e00000, 0x0000000710e00000| Complete 
| 255|0x0000000710f00000, 0x0000000711000000, 0x0000000711000000|100%| E|CS|TAMS 0x0000000710f00000, 0x0000000710f00000| Complete 

Card table byte_map: [0x0000018cc7a50000,0x0000018cc8250000] _byte_map_base: 0x0000018cc4248000

Marking Bits (Prev, Next): (CMBitMap*) 0x0000018cade63d08, (CMBitMap*) 0x0000018cade63d48
 Prev Bits: [0x0000018cc8a50000, 0x0000018ccca10000)
 Next Bits: [0x0000018ccca10000, 0x0000018cd09d0000)

Polling page: 0x0000018cadbd0000

Metaspace:

Usage:
  Non-class:      7.75 MB capacity,     5.24 MB ( 68%) used,     2.51 MB ( 32%) free+waste,    10.63 KB ( <1%) overhead. 
      Class:    623.00 KB capacity,   333.52 KB ( 54%) used,   284.48 KB ( 46%) free+waste,     5.00 KB ( <1%) overhead. 
       Both:      8.36 MB capacity,     5.56 MB ( 67%) used,     2.78 MB ( 33%) free+waste,    15.63 KB ( <1%) overhead. 

Virtual space:
  Non-class space:        8.00 MB reserved,       8.00 MB (100%) committed 
      Class space:        1.00 GB reserved,     640.00 KB ( <1%) committed 
             Both:        1.01 GB reserved,       8.63 MB ( <1%) committed 

Chunk freelists:
   Non-Class:  63.00 KB
       Class:  17.00 KB
        Both:  80.00 KB

MaxMetaspaceSize: 17179869184.00 GB
CompressedClassSpaceSize: 1.00 GB

CodeHeap 'non-profiled nmethods': size=120064Kb used=280Kb max_used=280Kb free=119783Kb
 bounds [0x0000018cbf590000, 0x0000018cbf800000, 0x0000018cc6ad0000]
CodeHeap 'profiled nmethods': size=120000Kb used=1384Kb max_used=1384Kb free=118615Kb
 bounds [0x0000018cb8060000, 0x0000018cb82d0000, 0x0000018cbf590000]
CodeHeap 'non-nmethods': size=5696Kb used=1682Kb max_used=1698Kb free=4013Kb
 bounds [0x0000018cb7ad0000, 0x0000018cb7d40000, 0x0000018cb8060000]
 total_blobs=2348 nmethods=771 adapters=1002
 compilation: enabled
              stopped_count=0, restarted_count=0
 full_count=0

Compilation events (20 events):
Event: 0.935 Thread 0x0000018cd30ae800  764       3       jdk.internal.access.SharedSecrets::javaUtilJarAccess (18 bytes)
Event: 0.936 Thread 0x0000018cd30ae800 nmethod 764 0x0000018cb81b9090 code [0x0000018cb81b9260, 0x0000018cb81b94d0]
Event: 0.936 Thread 0x0000018cd30ae800  765       1       java.util.jar.Manifest::getEntries (5 bytes)
Event: 0.936 Thread 0x0000018cd30ae800 nmethod 765 0x0000018cbf5d0590 code [0x0000018cbf5d0720, 0x0000018cbf5d0858]
Event: 0.936 Thread 0x0000018cd30ae800  766       1       java.util.jar.Manifest::getMainAttributes (5 bytes)
Event: 0.936 Thread 0x0000018cd30a1000 nmethod 739 0x0000018cbf5d0910 code [0x0000018cbf5d0ae0, 0x0000018cbf5d1298]
Event: 0.936 Thread 0x0000018cd30a1000  738       4       java.lang.Character::toLowerCase (9 bytes)
Event: 0.936 Thread 0x0000018cd30ae800 nmethod 766 0x0000018cbf5d1710 code [0x0000018cbf5d18a0, 0x0000018cbf5d19d8]
Event: 0.937 Thread 0x0000018cd30ae800  767       3       java.util.ArrayDeque::add (7 bytes)
Event: 0.937 Thread 0x0000018cd30ae800 nmethod 767 0x0000018cb81b9590 code [0x0000018cb81b9740, 0x0000018cb81b9910]
Event: 0.937 Thread 0x0000018cd30ae800  768       3       java.util.ArrayDeque::addLast (51 bytes)
Event: 0.937 Thread 0x0000018cd30a1000 nmethod 738 0x0000018cbf5d1a90 code [0x0000018cbf5d1c20, 0x0000018cbf5d1d18]
Event: 0.937 Thread 0x0000018cd30a1000  761       4       java.lang.Integer::toUnsignedLong (7 bytes)
Event: 0.937 Thread 0x0000018cd30a1000 nmethod 761 0x0000018cbf5d1e90 code [0x0000018cbf5d2000, 0x0000018cbf5d2038]
Event: 0.937 Thread 0x0000018cd30ae800 nmethod 768 0x0000018cb81b9990 code [0x0000018cb81b9b80, 0x0000018cb81ba0e0]
Event: 0.937 Thread 0x0000018cd30a1000  763       4       sun.misc.Unsafe::putLong (11 bytes)
Event: 0.937 Thread 0x0000018cd30a1000 nmethod 763 0x0000018cbf5d2190 code [0x0000018cbf5d2320, 0x0000018cbf5d23b8]
Event: 0.937 Thread 0x0000018cd30a1000  769       4       java.lang.AbstractStringBuilder::append (55 bytes)
Event: 0.940 Thread 0x0000018cd678a000 nmethod 759 0x0000018cbf5d2490 code [0x0000018cbf5d2640, 0x0000018cbf5d2cc8]
Event: 0.940 Thread 0x0000018cd678a000  770   !   4       java.util.zip.ZipFile::getEntry (73 bytes)

GC Heap History (2 events):
Event: 0.868 GC heap before
{Heap before GC invocations=0 (full 0):
 garbage-first heap   total 262144K, used 13312K [0x0000000701000000, 0x0000000800000000)
  region size 1024K, 14 young (14336K), 0 survivors (0K)
 Metaspace       used 4323K, capacity 7303K, committed 7552K, reserved 1056768K
  class space    used 294K, capacity 588K, committed 640K, reserved 1048576K
}
Event: 0.871 GC heap after
{Heap after GC invocations=1 (full 0):
 garbage-first heap   total 262144K, used 3421K [0x0000000701000000, 0x0000000800000000)
  region size 1024K, 2 young (2048K), 2 survivors (2048K)
 Metaspace       used 4323K, capacity 7303K, committed 7552K, reserved 1056768K
  class space    used 294K, capacity 588K, committed 640K, reserved 1048576K
}

Deoptimization events (20 events):
Event: 0.403 Thread 0x0000018caddf8000 DEOPT PACKING pc=0x0000018cb80c2a74 sp=0x00000031edefdd00
Event: 0.403 Thread 0x0000018caddf8000 DEOPT UNPACKING pc=0x0000018cb7b1964e sp=0x00000031edefd158 mode 0
Event: 0.404 Thread 0x0000018caddf8000 Uncommon trap: trap_request=0xffffffde fr.pc=0x0000018cbf5b7a80 relative=0x00000000000003c0
Event: 0.404 Thread 0x0000018caddf8000 Uncommon trap: reason=class_check action=maybe_recompile pc=0x0000018cbf5b7a80 method=java.util.HashMap.getNode(ILjava/lang/Object;)Ljava/util/HashMap$Node; @ 59 c2
Event: 0.404 Thread 0x0000018caddf8000 DEOPT PACKING pc=0x0000018cbf5b7a80 sp=0x00000031edefdc00
Event: 0.404 Thread 0x0000018caddf8000 DEOPT UNPACKING pc=0x0000018cb7b1912f sp=0x00000031edefdb78 mode 2
Event: 0.696 Thread 0x0000018caddf8000 Uncommon trap: trap_request=0xffffffde fr.pc=0x0000018cbf5b7a80 relative=0x00000000000003c0
Event: 0.696 Thread 0x0000018caddf8000 Uncommon trap: reason=class_check action=maybe_recompile pc=0x0000018cbf5b7a80 method=java.util.HashMap.getNode(ILjava/lang/Object;)Ljava/util/HashMap$Node; @ 59 c2
Event: 0.696 Thread 0x0000018caddf8000 DEOPT PACKING pc=0x0000018cbf5b7a80 sp=0x00000031edefaba0
Event: 0.696 Thread 0x0000018caddf8000 DEOPT UNPACKING pc=0x0000018cb7b1912f sp=0x00000031edefab18 mode 2
Event: 0.714 Thread 0x0000018caddf8000 DEOPT PACKING pc=0x0000018cb80825df sp=0x00000031edefdbd0
Event: 0.714 Thread 0x0000018caddf8000 DEOPT UNPACKING pc=0x0000018cb7b1964e sp=0x00000031edefd020 mode 0
Event: 0.802 Thread 0x0000018caddf8000 Uncommon trap: trap_request=0xffffff45 fr.pc=0x0000018cbf59c8e4 relative=0x0000000000000044
Event: 0.802 Thread 0x0000018caddf8000 Uncommon trap: reason=unstable_if action=reinterpret pc=0x0000018cbf59c8e4 method=java.lang.CharacterData.of(I)Ljava/lang/CharacterData; @ 4 c2
Event: 0.802 Thread 0x0000018caddf8000 DEOPT PACKING pc=0x0000018cbf59c8e4 sp=0x00000031edefcdf0
Event: 0.802 Thread 0x0000018caddf8000 DEOPT UNPACKING pc=0x0000018cb7b1912f sp=0x00000031edefcd90 mode 2
Event: 0.804 Thread 0x0000018caddf8000 Uncommon trap: trap_request=0xffffff45 fr.pc=0x0000018cbf5bc2e8 relative=0x00000000000004a8
Event: 0.804 Thread 0x0000018caddf8000 Uncommon trap: reason=unstable_if action=reinterpret pc=0x0000018cbf5bc2e8 method=java.lang.AbstractStringBuilder.putStringAt(ILjava/lang/String;)V @ 8 c2
Event: 0.804 Thread 0x0000018caddf8000 DEOPT PACKING pc=0x0000018cbf5bc2e8 sp=0x00000031edefd270
Event: 0.804 Thread 0x0000018caddf8000 DEOPT UNPACKING pc=0x0000018cb7b1912f sp=0x00000031edefd1e0 mode 2

Classes unloaded (0 events):
No events

Classes redefined (0 events):
No events

Internal exceptions (19 events):
Event: 0.245 Thread 0x0000018caddf8000 Exception <a 'java/lang/NoSuchMethodError'{0x0000000710c1e2e8}: 'void java.lang.invoke.DelegatingMethodHandle$Holder.delegate(java.lang.Object, java.lang.Object, int, java.lang.Object)'> (0x0000000710c1e2e8) 
thrown [t:/workspace/open/src/hotspot/share/interpreter/linkResolver.cpp, line 767]
Event: 0.247 Thread 0x0000018caddf8000 Exception <a 'java/lang/NoSuchMethodError'{0x0000000710c24f00}: 'java.lang.Object java.lang.invoke.DirectMethodHandle$Holder.invokeStaticInit(java.lang.Object, java.lang.Object, java.lang.Object)'> (0x0000000710c24f00) 
thrown [t:/workspace/open/src/hotspot/share/interpreter/linkResolver.cpp, line 767]
Event: 0.334 Thread 0x0000018caddf8000 Exception <a 'sun/nio/fs/WindowsException'{0x0000000710960de8}> (0x0000000710960de8) 
thrown [t:/workspace/open/src/hotspot/share/prims/jni.cpp, line 598]
Event: 0.334 Thread 0x0000018caddf8000 Exception <a 'sun/nio/fs/WindowsException'{0x0000000710961328}> (0x0000000710961328) 
thrown [t:/workspace/open/src/hotspot/share/prims/jni.cpp, line 598]
Event: 0.339 Thread 0x0000018caddf8000 Exception <a 'java/lang/NoSuchMethodError'{0x000000071097b8e0}: 'int java.lang.invoke.DirectMethodHandle$Holder.invokeSpecialIFC(java.lang.Object, java.lang.Object, int)'> (0x000000071097b8e0) 
thrown [t:/workspace/open/src/hotspot/share/interpreter/linkResolver.cpp, line 767]
Event: 0.409 Thread 0x0000018caddf8000 Exception <a 'sun/nio/fs/WindowsException'{0x000000071060fa00}> (0x000000071060fa00) 
thrown [t:/workspace/open/src/hotspot/share/prims/jni.cpp, line 598]
Event: 0.409 Thread 0x0000018caddf8000 Exception <a 'sun/nio/fs/WindowsException'{0x000000071060fd58}> (0x000000071060fd58) 
thrown [t:/workspace/open/src/hotspot/share/prims/jni.cpp, line 598]
Event: 0.418 Thread 0x0000018caddf8000 Exception <a 'java/lang/NoSuchMethodError'{0x00000007106611c8}: 'int java.lang.invoke.DirectMethodHandle$Holder.invokeStaticInit(java.lang.Object, java.lang.Object, int, long)'> (0x00000007106611c8) 
thrown [t:/workspace/open/src/hotspot/share/interpreter/linkResolver.cpp, line 767]
Event: 0.418 Thread 0x0000018caddf8000 Exception <a 'java/lang/NoSuchMethodError'{0x0000000710665c70}: 'java.lang.Object java.lang.invoke.Invokers$Holder.linkToTargetMethod(java.lang.Object, int, java.lang.Object)'> (0x0000000710665c70) 
thrown [t:/workspace/open/src/hotspot/share/interpreter/linkResolver.cpp, line 767]
Event: 0.420 Thread 0x0000018caddf8000 Exception <a 'java/lang/NoSuchMethodError'{0x0000000710672a70}: 'int java.lang.invoke.DirectMethodHandle$Holder.invokeStaticInit(java.lang.Object, java.lang.Object, long, long)'> (0x0000000710672a70) 
thrown [t:/workspace/open/src/hotspot/share/interpreter/linkResolver.cpp, line 767]
Event: 0.421 Thread 0x0000018caddf8000 Exception <a 'java/lang/NoSuchMethodError'{0x0000000710678760}: 'java.lang.Object java.lang.invoke.Invokers$Holder.linkToTargetMethod(java.lang.Object, long, java.lang.Object)'> (0x0000000710678760) 
thrown [t:/workspace/open/src/hotspot/share/interpreter/linkResolver.cpp, line 767]
Event: 0.421 Thread 0x0000018caddf8000 Exception <a 'java/lang/NoSuchMethodError'{0x000000071067e460}: 'int java.lang.invoke.DirectMethodHandle$Holder.invokeStaticInit(java.lang.Object, java.lang.Object, java.lang.Object, long)'> (0x000000071067e460) 
thrown [t:/workspace/open/src/hotspot/share/interpreter/linkResolver.cpp, line 767]
Event: 0.701 Thread 0x0000018caddf8000 Exception <a 'sun/nio/fs/WindowsException'{0x00000007105960e0}> (0x00000007105960e0) 
thrown [t:/workspace/open/src/hotspot/share/prims/jni.cpp, line 598]
Event: 0.701 Thread 0x0000018caddf8000 Exception <a 'sun/nio/fs/WindowsException'{0x0000000710596468}> (0x0000000710596468) 
thrown [t:/workspace/open/src/hotspot/share/prims/jni.cpp, line 598]
Event: 0.721 Thread 0x0000018caddf8000 Exception <a 'java/lang/NoSuchMethodError'{0x0000000710433e00}: 'void java.lang.invoke.DirectMethodHandle$Holder.invokeSpecial(java.lang.Object, java.lang.Object, long)'> (0x0000000710433e00) 
thrown [t:/workspace/open/src/hotspot/share/interpreter/linkResolver.cpp, line 767]
Event: 0.928 Thread 0x0000018caddf8000 Exception <a 'sun/nio/fs/WindowsException'{0x0000000710dfc160}> (0x0000000710dfc160) 
thrown [t:/workspace/open/src/hotspot/share/prims/jni.cpp, line 598]
Event: 0.928 Thread 0x0000018caddf8000 Exception <a 'sun/nio/fs/WindowsException'{0x0000000710dfc4f0}> (0x0000000710dfc4f0) 
thrown [t:/workspace/open/src/hotspot/share/prims/jni.cpp, line 598]
Event: 0.933 Thread 0x0000018caddf8000 Exception <a 'sun/nio/fs/WindowsException'{0x0000000710c45408}> (0x0000000710c45408) 
thrown [t:/workspace/open/src/hotspot/share/prims/jni.cpp, line 598]
Event: 0.933 Thread 0x0000018caddf8000 Exception <a 'sun/nio/fs/WindowsException'{0x0000000710c456d8}> (0x0000000710c456d8) 
thrown [t:/workspace/open/src/hotspot/share/prims/jni.cpp, line 598]

Events (20 events):
Event: 0.929 Loaded shared library C:\Users\User\AppData\Local\Temp\lwjgl_User\3.3.3+5\x64\lwjgl_opengl.dll
Event: 0.932 loading class org/lwjgl/opengl/GL$2
Event: 0.932 loading class org/lwjgl/opengl/GL$2 done
Event: 0.934 loading class org/lwjgl/opengl/GL$1
Event: 0.934 loading class org/lwjgl/opengl/GL$1 done
Event: 0.934 loading class org/lwjgl/system/SharedLibrary$Delegate
Event: 0.934 loading class org/lwjgl/system/SharedLibrary$Delegate done
Event: 0.935 loading class org/lwjgl/opengl/GL20C
Event: 0.935 loading class org/lwjgl/opengl/GL20C done
Event: 0.935 Thread 0x0000018cd678a000 Thread added: 0x0000018cd678a000
Event: 0.936 loading class org/lwjgl/opengl/GL15C
Event: 0.936 loading class org/lwjgl/opengl/GL15C done
Event: 0.937 loading class org/lwjgl/opengl/GL14C
Event: 0.937 loading class org/lwjgl/opengl/GL14C done
Event: 0.937 loading class org/lwjgl/opengl/GL13C
Event: 0.937 loading class org/lwjgl/opengl/GL13C done
Event: 0.938 loading class org/lwjgl/opengl/GL12C
Event: 0.938 loading class org/lwjgl/opengl/GL12C done
Event: 0.938 loading class org/lwjgl/opengl/GL11C
Event: 0.938 loading class org/lwjgl/opengl/GL11C done


Dynamic libraries:
0x00007ff67b5d0000 - 0x00007ff67b5df000 	C:\Program Files\Java\jdk-13.0.1\bin\javaw.exe
0x00007ffb3e2b0000 - 0x00007ffb3e4a7000 	C:\WINDOWS\SYSTEM32\ntdll.dll
0x00007ffb3c860000 - 0x00007ffb3c91d000 	C:\WINDOWS\System32\KERNEL32.DLL
0x00007ffb3bcc0000 - 0x00007ffb3bfb6000 	C:\WINDOWS\System32\KERNELBASE.dll
0x00007ffb3c180000 - 0x00007ffb3c280000 	C:\WINDOWS\System32\ucrtbase.dll
0x00007ffb1d970000 - 0x00007ffb1d985000 	C:\Program Files\Java\jdk-13.0.1\bin\VCRUNTIME140.dll
0x00007ffb1d950000 - 0x00007ffb1d968000 	C:\Program Files\Java\jdk-13.0.1\bin\jli.dll
0x00007ffb3d3e0000 - 0x00007ffb3d48e000 	C:\WINDOWS\System32\ADVAPI32.dll
0x00007ffb3c920000 - 0x00007ffb3c9be000 	C:\WINDOWS\System32\msvcrt.dll
0x00007ffb3d0b0000 - 0x00007ffb3d14c000 	C:\WINDOWS\System32\sechost.dll
0x00007ffb3dd70000 - 0x00007ffb3de96000 	C:\WINDOWS\System32\RPCRT4.dll
0x00007ffb3d240000 - 0x00007ffb3d3de000 	C:\WINDOWS\System32\USER32.dll
0x00007ffb3bc40000 - 0x00007ffb3bc62000 	C:\WINDOWS\System32\win32u.dll
0x00007ffb3cb70000 - 0x00007ffb3cb9c000 	C:\WINDOWS\System32\GDI32.dll
0x00007ffb3c060000 - 0x00007ffb3c17a000 	C:\WINDOWS\System32\gdi32full.dll
0x00007ffb3b990000 - 0x00007ffb3ba2d000 	C:\WINDOWS\System32\msvcp_win.dll
0x00007ffb2eec0000 - 0x00007ffb2f15a000 	C:\WINDOWS\WinSxS\amd64_microsoft.windows.common-controls_6595b64144ccf1df_6.0.19041.3570_none_60bb2a3971f3e41a\COMCTL32.dll
0x00007ffb35500000 - 0x00007ffb3550a000 	C:\WINDOWS\SYSTEM32\VERSION.dll
0x00007ffb3c310000 - 0x00007ffb3c340000 	C:\WINDOWS\System32\IMM32.DLL
0x00007ffb1bed0000 - 0x00007ffb1bf6b000 	C:\Program Files\Java\jdk-13.0.1\bin\msvcp140.dll
0x00007ffae1bb0000 - 0x00007ffae2716000 	C:\Program Files\Java\jdk-13.0.1\bin\server\jvm.dll
0x00007ffb3d0a0000 - 0x00007ffb3d0a8000 	C:\WINDOWS\System32\PSAPI.DLL
0x00007ffb372f0000 - 0x00007ffb372f9000 	C:\WINDOWS\SYSTEM32\WSOCK32.dll
0x00007ffb345c0000 - 0x00007ffb345e7000 	C:\WINDOWS\SYSTEM32\WINMM.dll
0x00007ffb3e200000 - 0x00007ffb3e26b000 	C:\WINDOWS\System32\WS2_32.dll
0x00007ffb3a1e0000 - 0x00007ffb3a1f2000 	C:\WINDOWS\SYSTEM32\kernel.appcore.dll
0x00007ffb37230000 - 0x00007ffb37240000 	C:\Program Files\Java\jdk-13.0.1\bin\verify.dll
0x00007ffb39820000 - 0x00007ffb39a04000 	C:\WINDOWS\SYSTEM32\DBGHELP.DLL
0x00007ffb2ee40000 - 0x00007ffb2ee74000 	C:\WINDOWS\SYSTEM32\dbgcore.DLL
0x00007ffb3c280000 - 0x00007ffb3c302000 	C:\WINDOWS\System32\bcryptPrimitives.dll
0x00007ffb1c250000 - 0x00007ffb1c276000 	C:\Program Files\Java\jdk-13.0.1\bin\java.dll
0x00007ffb37060000 - 0x00007ffb37077000 	C:\Program Files\Java\jdk-13.0.1\bin\zip.dll
0x00007ffb371f0000 - 0x00007ffb371fa000 	C:\Program Files\Java\jdk-13.0.1\bin\jimage.dll
0x00007ffb3d5a0000 - 0x00007ffb3dce4000 	C:\WINDOWS\System32\SHELL32.dll
0x00007ffb39a30000 - 0x00007ffb3a1cb000 	C:\WINDOWS\SYSTEM32\windows.storage.dll
0x00007ffb3dea0000 - 0x00007ffb3e1f4000 	C:\WINDOWS\System32\combase.dll
0x00007ffb3b360000 - 0x00007ffb3b38d000 	C:\WINDOWS\SYSTEM32\Wldp.dll
0x00007ffb3c7b0000 - 0x00007ffb3c85d000 	C:\WINDOWS\System32\SHCORE.dll
0x00007ffb3ca90000 - 0x00007ffb3cae5000 	C:\WINDOWS\System32\shlwapi.dll
0x00007ffb3b8c0000 - 0x00007ffb3b8e5000 	C:\WINDOWS\SYSTEM32\profapi.dll
0x00007ffb2d6b0000 - 0x00007ffb2d6c9000 	C:\Program Files\Java\jdk-13.0.1\bin\net.dll
0x00007ffb34cd0000 - 0x00007ffb34dda000 	C:\WINDOWS\SYSTEM32\WINHTTP.dll
0x00007ffb3b060000 - 0x00007ffb3b0ca000 	C:\WINDOWS\system32\mswsock.dll
0x00007ffb1e3f0000 - 0x00007ffb1e403000 	C:\Program Files\Java\jdk-13.0.1\bin\nio.dll
0x00007ffb1bc90000 - 0x00007ffb1bd0b000 	C:\Users\User\AppData\Local\Temp\lwjgl_User\3.3.3+5\x64\lwjgl.dll
0x00007ffb1bc00000 - 0x00007ffb1bc82000 	C:\Users\User\AppData\Local\Temp\lwjgl_User\3.3.3+5\x64\glfw.dll
0x00007ffb1bd50000 - 0x00007ffb1bd95000 	C:\WINDOWS\SYSTEM32\dinput8.dll
0x00007ffb1c680000 - 0x00007ffb1c691000 	C:\WINDOWS\SYSTEM32\xinput1_4.dll
0x00007ffb3bc70000 - 0x00007ffb3bcbe000 	C:\WINDOWS\System32\cfgmgr32.dll
0x00007ffb3b720000 - 0x00007ffb3b753000 	C:\WINDOWS\SYSTEM32\DEVOBJ.dll
0x00007ffb39290000 - 0x00007ffb392bf000 	C:\WINDOWS\SYSTEM32\dwmapi.dll
0x00007ffb2bb30000 - 0x00007ffb2bc82000 	C:\WINDOWS\SYSTEM32\inputhost.dll
0x00007ffb3c9c0000 - 0x00007ffb3ca8d000 	C:\WINDOWS\System32\OLEAUT32.dll
0x00007ffb38ba0000 - 0x00007ffb38c92000 	C:\WINDOWS\SYSTEM32\CoreMessaging.dll
0x00007ffb36ec0000 - 0x00007ffb36fb6000 	C:\WINDOWS\SYSTEM32\PROPSYS.dll
0x00007ffb38170000 - 0x00007ffb382c5000 	C:\WINDOWS\SYSTEM32\wintypes.dll
0x00007ffb38840000 - 0x00007ffb38b9b000 	C:\WINDOWS\SYSTEM32\CoreUIComponents.dll
0x00007ffb3aa90000 - 0x00007ffb3aac3000 	C:\WINDOWS\SYSTEM32\ntmarta.dll
0x00007ffb39090000 - 0x00007ffb3912e000 	C:\WINDOWS\system32\uxtheme.dll
0x00007ffb3cba0000 - 0x00007ffb3ccb4000 	C:\WINDOWS\System32\MSCTF.dll
0x00007ffb159a0000 - 0x00007ffb15ac5000 	C:\WINDOWS\SYSTEM32\opengl32.dll
0x00007ffb1c320000 - 0x00007ffb1c34c000 	C:\WINDOWS\SYSTEM32\GLU32.dll
0x00007ffb3d4f0000 - 0x00007ffb3d599000 	C:\WINDOWS\System32\clbcatq.dll
0x00007ffadb8f0000 - 0x00007ffadfb7a000 	C:\WINDOWS\System32\DriverStore\FileRepository\nv_dispig.inf_amd64_7e5fd280efaa5445\nvoglv64.dll
0x00007ffb3c340000 - 0x00007ffb3c7ae000 	C:\WINDOWS\System32\SETUPAPI.dll
0x00007ffb3bfc0000 - 0x00007ffb3bfe7000 	C:\WINDOWS\System32\bcrypt.dll
0x00007ffb3ce80000 - 0x00007ffb3cfab000 	C:\WINDOWS\System32\ole32.dll
0x00007ffb37370000 - 0x00007ffb37384000 	C:\WINDOWS\SYSTEM32\WTSAPI32.dll
0x00007ffb3b510000 - 0x00007ffb3b522000 	C:\WINDOWS\SYSTEM32\msasn1.dll
0x00007ffb35280000 - 0x00007ffb352b1000 	C:\WINDOWS\SYSTEM32\cryptnet.dll
0x00007ffb3ba30000 - 0x00007ffb3bb8d000 	C:\WINDOWS\System32\CRYPT32.dll
0x00007ffb35010000 - 0x00007ffb35158000 	C:\WINDOWS\SYSTEM32\drvstore.dll
0x00007ffb3b270000 - 0x00007ffb3b27c000 	C:\WINDOWS\SYSTEM32\cryptbase.dll
0x00007ffb3bff0000 - 0x00007ffb3c057000 	C:\WINDOWS\System32\WINTRUST.dll
0x00007ffb366c0000 - 0x00007ffb366fb000 	C:\WINDOWS\SYSTEM32\dxcore.dll
0x00007ffaedfc0000 - 0x00007ffaee287000 	C:\WINDOWS\system32\nvspcap64.dll
0x00007ffb3b530000 - 0x00007ffb3b57b000 	C:\WINDOWS\SYSTEM32\powrprof.dll
0x00007ffb3b4f0000 - 0x00007ffb3b502000 	C:\WINDOWS\SYSTEM32\UMPDC.dll
0x00007ffb3b300000 - 0x00007ffb3b35b000 	C:\WINDOWS\SYSTEM32\WINSTA.dll
0x00007ffb2ba30000 - 0x00007ffb2bb2a000 	C:\WINDOWS\SYSTEM32\textinputframework.dll
0x00007ffae90d0000 - 0x00007ffae9340000 	C:\Users\User\AppData\Local\Temp\lwjgl_User\3.3.3+5\x64\jemalloc.dll
0x00007ffb16580000 - 0x00007ffb165de000 	C:\Users\User\AppData\Local\Temp\lwjgl_User\3.3.3+5\x64\lwjgl_opengl.dll

dbghelp: loaded successfully - version: 4.0.5 - missing functions: none
symbol engine: initialized successfully - sym options: 0x614 - pdb path: .;C:\Program Files\Java\jdk-13.0.1\bin;C:\WINDOWS\SYSTEM32;C:\WINDOWS\WinSxS\amd64_microsoft.windows.common-controls_6595b64144ccf1df_6.0.19041.3570_none_60bb2a3971f3e41a;C:\Program Files\Java\jdk-13.0.1\bin\server;C:\Users\User\AppData\Local\Temp\lwjgl_User\3.3.3+5\x64;C:\WINDOWS\System32\DriverStore\FileRepository\nv_dispig.inf_amd64_7e5fd280efaa5445

VM Arguments:
jvm_args: -Dfile.encoding=Cp1252 
java_command: johnengine.testing.Launcher
java_class_path (initial): C:\Users\User\git\JOHNEngine\JOHNEngine\target\classes;C:\Users\User\.m2\repository\org\joml\joml\1.10.5\joml-1.10.5.jar;C:\Users\User\.m2\repository\org\lwjgl\lwjgl\3.3.3\lwjgl-3.3.3.jar;C:\Users\User\.m2\repository\org\lwjgl\lwjgl-assimp\3.3.3\lwjgl-assimp-3.3.3.jar;C:\Users\User\.m2\repository\org\lwjgl\lwjgl-bgfx\3.3.3\lwjgl-bgfx-3.3.3.jar;C:\Users\User\.m2\repository\org\lwjgl\lwjgl-cuda\3.3.3\lwjgl-cuda-3.3.3.jar;C:\Users\User\.m2\repository\org\lwjgl\lwjgl-egl\3.3.3\lwjgl-egl-3.3.3.jar;C:\Users\User\.m2\repository\org\lwjgl\lwjgl-fmod\3.3.3\lwjgl-fmod-3.3.3.jar;C:\Users\User\.m2\repository\org\lwjgl\lwjgl-freetype\3.3.3\lwjgl-freetype-3.3.3.jar;C:\Users\User\.m2\repository\org\lwjgl\lwjgl-glfw\3.3.3\lwjgl-glfw-3.3.3.jar;C:\Users\User\.m2\repository\org\lwjgl\lwjgl-harfbuzz\3.3.3\lwjgl-harfbuzz-3.3.3.jar;C:\Users\User\.m2\repository\org\lwjgl\lwjgl-hwloc\3.3.3\lwjgl-hwloc-3.3.3.jar;C:\Users\User\.m2\repository\org\lwjgl\lwjgl-jawt\3.3.3\lwjgl-jawt-3.3.3.jar;C:\Users\User\.m2\repository\org\lwjgl\lwjgl-jemalloc\3.3.3\lwjgl-jemalloc-3.3.3.jar;C:\Users\User\.m2\repository\org\lwjgl\lwjgl-ktx\3.3.3\lwjgl-ktx-3.3.3.jar;C:\Users\User\.m2\repository\org\lwjgl\lwjgl-libdivide\3.3.3\lwjgl-libdivide-3.3.3.jar;C:\Users\User\.m2\repository\org\lwjgl\lwjgl-llvm\3.3.3\lwjgl-llvm-3.3.3.jar;C:\Users\User\.m2\repository\org\lwjgl\lwjgl-lmdb\3.3.3\lwjgl-lmdb-3.3.3.jar;C:\Users\User\.m2\repository\org\lwjgl\lwjgl-lz4\3.3.3\lwjgl-lz4-3.3.3.jar;C:\Users\User\.m2\repository\org\lwjgl\lwjgl-meow\3.3.3\lwjgl-meow-3.3.3.jar;C:\Users\User\.m2\repository\org\lwjgl\lwjgl-meshoptimizer\3.3.3\lwjgl-meshoptimizer-3.3.3.jar;C:\Users\User\.m2\repository\org\lwjgl\lwjgl-nanovg\3.3.3\lwjgl-nanovg-3.3.3.jar;C:\Users\User\.m2\repository\org\lwjgl\lwjgl-nfd\3.3.3\lwjgl-nfd-3.3.3.jar;C:\Users\User\.m2\repository\org\lwjgl\lwjgl-nuklear\3.3.3\lwjgl-nuklear-3.3.3.jar;C:\Users\User\.m2\repository\org\lwjgl\lwjgl-odbc\3.3.3\lwjgl-odbc-3.3.3.jar;C:\Users\User\.m2\repository\
Launcher Type: SUN_STANDARD

[Global flags]
     intx CICompilerCount                          = 3                                         {product} {ergonomic}
     uint ConcGCThreads                            = 1                                         {product} {ergonomic}
     uint G1ConcRefinementThreads                  = 4                                         {product} {ergonomic}
   size_t G1HeapRegionSize                         = 1048576                                   {product} {ergonomic}
    uintx GCDrainStackTargetSize                   = 64                                        {product} {ergonomic}
   size_t InitialHeapSize                          = 268435456                                 {product} {ergonomic}
   size_t MarkStackSize                            = 4194304                                   {product} {ergonomic}
   size_t MaxHeapSize                              = 4278190080                                {product} {ergonomic}
   size_t MaxNewSize                               = 2566914048                                {product} {ergonomic}
   size_t MinHeapDeltaBytes                        = 1048576                                   {product} {ergonomic}
   size_t MinHeapSize                              = 8388608                                   {product} {ergonomic}
    uintx NonNMethodCodeHeapSize                   = 5830732                                {pd product} {ergonomic}
    uintx NonProfiledCodeHeapSize                  = 122913754                              {pd product} {ergonomic}
    uintx ProfiledCodeHeapSize                     = 122913754                              {pd product} {ergonomic}
    uintx ReservedCodeCacheSize                    = 251658240                              {pd product} {ergonomic}
     bool SegmentedCodeCache                       = true                                      {product} {ergonomic}
   size_t SoftMaxHeapSize                          = 4278190080                             {manageable} {ergonomic}
     bool UseCompressedClassPointers               = true                                 {lp64_product} {ergonomic}
     bool UseCompressedOops                        = true                                 {lp64_product} {ergonomic}
     bool UseG1GC                                  = true                                      {product} {ergonomic}
     bool UseLargePagesIndividualAllocation        = false                                  {pd product} {ergonomic}

Logging:
Log output configuration:
 #0: stdout all=warning uptime,level,tags
 #1: stderr all=off uptime,level,tags

Environment Variables:
JAVA_HOME=C:\Program Files\Android\Android Studio\jre
PATH=C:/Program Files/Java/jdk-13.0.1/bin/server;C:/Program Files/Java/jdk-13.0.1/bin;;C:\Windows\system32;C:\Windows;C:\Windows\System32\Wbem;C:\Windows\System32\WindowsPowerShell\v1.0\;C:\Windows\System32\OpenSSH\;C:\Program Files (x86)\NVIDIA Corporation\PhysX\Common;C:\Program Files\dotnet\;C:\Program Files\Microsoft SQL Server\130\Tools\Binn\;C:\Program Files\Microsoft SQL Server\Client SDK\ODBC\170\Tools\Binn\;C:\Program Files\Java\jdk-13.0.1\bin;C:\Users\User\AppData\Local\Android\Sdk\platform-tools;C:\Program Files\NVIDIA Corporation\NVIDIA NvDLISR;C:\WINDOWS\system32;C:\WINDOWS;C:\WINDOWS\System32\Wbem;C:\WINDOWS\System32\WindowsPowerShell\v1.0\;C:\WINDOWS\System32\OpenSSH\;C:\Program Files (x86)\dotnet\;C:\Program Files\Git\cmd;C:\Users\User\AppData\Roaming\nvm;C:\Program Files\nodejs;C:\Users\User\AppData\Local\Programs\Python\Python38\Scripts\;C:\Users\User\AppData\Local\Programs\Python\Python38\;C:\Users\User\AppData\Local\Microsoft\WindowsApps;C:\Users\User\AppData\Local\Programs\Microsoft VS Code\bin;C:\Program Files\swipl\bin;C:\Users\User\.dotnet\tools;C:\Users\User\AppData\Roaming\npm;C:\Users\User\AppData\Roaming\nvm;C:\Program Files\nodejs;C:\Users\User\Desktop;
USERNAME=User
OS=Windows_NT
PROCESSOR_IDENTIFIER=AMD64 Family 23 Model 1 Stepping 1, AuthenticAMD



---------------  S Y S T E M  ---------------

OS: Windows 10 , 64 bit Build 19041 (10.0.19041.3570)

CPU:total 4 (initial active 4) (4 cores per cpu, 1 threads per core) family 23 model 1 stepping 1, cmov, cx8, fxsr, mmx, sse, sse2, sse3, ssse3, sse4.1, sse4.2, popcnt, avx, avx2, aes, clmul, mmxext, 3dnowpref, lzcnt, sse4a, tsc, tscinvbit, tscinv, bmi1, bmi2, adx, sha, fma

Memory: 4k page, system-wide physical 16315M (10129M free)
TotalPageFile size 18747M (AvailPageFile size 5400M)
current process WorkingSet (physical memory assigned to process): 105M, peak: 105M
current process commit charge ("private bytes"): 403M, peak: 403M

vm_info: Java HotSpot(TM) 64-Bit Server VM (13.0.1+9) for windows-amd64 JRE (13.0.1+9), built on Oct  6 2019 12:37:49 by "mach5one" with unknown MS VC++:1916

END.
